<?xml version="1.0" encoding="UTF-8"?>
<!-- Generated by org.testng.reporters.JUnitXMLReporter -->
<testsuite ignored="0" hostname="M-Pro.local" failures="0" tests="5" name="login module Test" time="33.461" errors="0" timestamp="2022-11-29T14:20:29 EST">
  <testcase classname="automation.selenium4Framework.ErrorValidationTest" name="titleTest" time="0.008"/>
  <testcase classname="automation.selenium4Framework.ErrorValidationTest" name="logInModuleNegativeTest" time="0.484"/>
  <testcase classname="automation.selenium4Framework.ErrorValidationTest" name="logInModuleNegativeTest" time="1.011"/>
  <testcase classname="automation.selenium4Framework.ErrorValidationTest" name="logInModuleNegativeTest" time="0.992"/>
  <testcase classname="automation.selenium4Framework.ErrorValidationTest" name="logInModuleNegativeTest" time="0.984"/>
</testsuite> <!-- login module Test -->
